[0702/160406.307:ERROR:process_reader_win.cc(123)] NtOpenThread: {Access Denied} A process has requested access to an object, but has not been granted those access rights. (0xc0000022)
[0702/160406.885:ERROR:exception_snapshot_win.cc(88)] thread ID 8680 not found in process
[0702/160407.854:ERROR:process_reader_win.cc(151)] SuspendThread: Access is denied. (0x5)
[0702/160407.854:ERROR:process_reader_win.cc(151)] SuspendThread: Access is denied. (0x5)
[0702/160407.854:ERROR:process_reader_win.cc(151)] SuspendThread: Access is denied. (0x5)
[0702/160407.854:ERROR:process_reader_win.cc(151)] SuspendThread: Access is denied. (0x5)
[0702/160407.854:ERROR:process_reader_win.cc(151)] SuspendThread: Access is denied. (0x5)
[0702/160407.854:ERROR:process_reader_win.cc(123)] NtOpenThread: {Access Denied} A process has requested access to an object, but has not been granted those access rights. (0xc0000022)
[0702/160407.854:ERROR:exception_snapshot_win.cc(88)] thread ID 2404 not found in process
[0702/160410.604:ERROR:process_reader_win.cc(123)] NtOpenThread: {Access Denied} A process has requested access to an object, but has not been granted those access rights. (0xc0000022)
[0702/160410.604:ERROR:exception_snapshot_win.cc(88)] thread ID 5128 not found in process
[0702/160410.604:ERROR:scoped_process_suspend.cc(40)] NtResumeProcess: An attempt was made to access an exiting process. (0xc000010a)
[0703/102950.598:ERROR:process_reader_win.cc(123)] NtOpenThread: {Access Denied} A process has requested access to an object, but has not been granted those access rights. (0xc0000022)
[0703/102950.301:ERROR:process_info.cc(329)] VirtualQueryEx: Access is denied. (0x5)
[0703/102951.005:ERROR:exception_snapshot_win.cc(88)] thread ID 940 not found in process
[0703/102951.005:ERROR:process_info.cc(550)] ReadMemoryInfo failed
[0703/102951.005:ERROR:process_reader_win.cc(242)] ReadMemory at 0x7ff8f39e3228 of 12 bytes failed: Only part of a ReadProcessMemory or WriteProcessMemory request was completed. (0x12B)
[0703/102951.005:WARNING:process_snapshot_win.cc(69)] ReadMemory ExceptionInformation failed
[0703/102951.005:ERROR:scoped_process_suspend.cc(40)] NtResumeProcess: An attempt was made to access an exiting process. (0xc000010a)
[0703/102951.005:ERROR:scoped_process_suspend.cc(40)] NtResumeProcess: An attempt was made to access an exiting process. (0xc000010a)
